#
# There is insufficient memory for the Java Runtime Environment to continue.
# Native memory allocation (mmap) failed to map 266338304 bytes for G1 virtual space
# Possible reasons:
#   The system is out of physical RAM or swap space
#   The process is running with CompressedOops enabled, and the Java Heap may be blocking the growth of the native heap
# Possible solutions:
#   Reduce memory load on the system
#   Increase physical memory or swap space
#   Check if swap backing store is full
#   Decrease Java heap size (-Xmx/-Xms)
#   Decrease number of Java threads
#   Decrease Java thread stack sizes (-Xss)
#   Set larger code cache with -XX:ReservedCodeCacheSize=
#   JVM is running with Zero Based Compressed Oops mode in which the Java heap is
#     placed in the first 32GB address space. The Java Heap base address is the
#     maximum limit for the native heap growth. Please use -XX:HeapBaseMinAddress
#     to set the Java Heap base and to place the Java Heap above 32GB virtual address.
# This output file may be truncated or incomplete.
#
#  Out of Memory Error (os_windows.cpp:3825), pid=3024, tid=6640
#
# JRE version:  (17.0.9) (build )
# Java VM: OpenJDK 64-Bit Server VM (17.0.9+0--11185874, mixed mode, sharing, tiered, compressed oops, compressed class ptrs, g1 gc, windows-amd64)
# No core dump will be written. Minidumps are not enabled by default on client versions of Windows
#

---------------  S U M M A R Y ------------

Command Line: org.jetbrains.kotlin.cli.jvm.K2JVMCompiler @C:\Users\Kuza\Desktop\AndroidTFG\tfgProject\app\build\20240331_685814619228945846.compiler.options

Host: 11th Gen Intel(R) Core(TM) i5-11400H @ 2.70GHz, 12 cores, 15G,  Windows 11 , 64 bit Build 22621 (10.0.22621.3374)
Time: Sun Mar 31 12:28:54 2024 W. Europe Daylight Time elapsed time: 0.007312 seconds (0d 0h 0m 0s)

---------------  T H R E A D  ---------------

Current thread (0x000001a90567b8f0):  JavaThread "Unknown thread" [_thread_in_vm, id=6640, stack(0x0000001527500000,0x0000001527600000)]

Stack: [0x0000001527500000,0x0000001527600000]
Native frames: (J=compiled Java code, j=interpreted, Vv=VM code, C=native code)
V  [jvm.dll+0x6886e9]
V  [jvm.dll+0x841e4a]
V  [jvm.dll+0x843a8e]
V  [jvm.dll+0x8440f3]
V  [jvm.dll+0x24c14f]
V  [jvm.dll+0x685499]
V  [jvm.dll+0x679c2a]
V  [jvm.dll+0x30cf9b]
V  [jvm.dll+0x314446]
V  [jvm.dll+0x36425e]
V  [jvm.dll+0x36448f]
V  [jvm.dll+0x2e2d68]
V  [jvm.dll+0x2e3cd4]
V  [jvm.dll+0x8129f1]
V  [jvm.dll+0x3720c1]
V  [jvm.dll+0x7f152c]
V  [jvm.dll+0x3f5d4f]
V  [jvm.dll+0x3f7981]
C  [jli.dll+0x528f]
C  [ucrtbase.dll+0x29333]
C  [KERNEL32.DLL+0x1257d]
C  [ntdll.dll+0x5aa48]


---------------  P R O C E S S  ---------------

Threads class SMR info:
_java_thread_list=0x00007fff7849ef18, length=0, elements={
}

Java Threads: ( => current thread )

Other Threads:
  0x000001a9056e9880 GCTaskThread "GC Thread#0" [stack: 0x0000001527600000,0x0000001527700000] [id=11180]
  0x000001a9056fa460 ConcurrentGCThread "G1 Main Marker" [stack: 0x0000001527700000,0x0000001527800000] [id=8668]
  0x000001a9056fae80 ConcurrentGCThread "G1 Conc#0" [stack: 0x0000001527800000,0x0000001527900000] [id=6204]

[error occurred during error reporting (printing all threads), id 0xc0000005, EXCEPTION_ACCESS_VIOLATION (0xc0000005) at pc=0x00007fff77c53937]

VM state: not at safepoint (not fully initialized)

VM Mutex/Monitor currently owned by a thread:  ([mutex/lock_event])
[0x000001a905676340] Heap_lock - owner thread: 0x000001a90567b8f0

Heap address: 0x0000000703600000, size: 4042 MB, Compressed Oops mode: Zero based, Oop shift amount: 3

CDS archive(s) mapped at: [0x0000000000000000-0x0000000000000000-0x0000000000000000), size 0, SharedBaseAddress: 0x0000000800000000, ArchiveRelocationMode: 1.
Narrow klass base: 0x0000000000000000, Narrow klass shift: 0, Narrow klass range: 0x0

GC Precious Log:
<Empty>

Heap:
 garbage-first heap   total 0K, used 0K [0x0000000703600000, 0x0000000800000000)
  region size 2048K, 0 young (0K), 0 survivors (0K)
 Metaspace       used 0K, committed 0K, reserved 0K
  class space    used 0K, committed 0K, reserved 0K

Heap Regions: E=young(eden), S=young(survivor), O=old, HS=humongous(starts), HC=humongous(continues), CS=collection set, F=free, OA=open archive, CA=closed archive, TAMS=top-at-mark-start (previous, next)

Card table byte_map: [0x000001a91a7a0000,0x000001a91af90000] _byte_map_base: 0x000001a916f85000

Marking Bits (Prev, Next): (CMBitMap*) 0x000001a9056e9ea0, (CMBitMap*) 0x000001a9056e9ee0
 Prev Bits: [0x000001a91b780000, 0x000001a91f6a8000)
 Next Bits: [0x000001a91f6b0000, 0x000001a9235d8000)

GC Heap History (0 events):
No events

Dll operation events (1 events):
Event: 0.005 Loaded shared library C:\Program Files\Android\Android Studio2\jbr\bin\java.dll

Deoptimization events (0 events):
No events

Classes unloaded (0 events):
No events

Classes redefined (0 events):
No events

Internal exceptions (0 events):
No events

VM Operations (0 events):
No events

Events (0 events):
No events


Dynamic libraries:
0x00007ff7f5c50000 - 0x00007ff7f5c5a000 	C:\Program Files\Android\Android Studio2\jbr\bin\java.exe
0x00007fffc3670000 - 0x00007fffc3886000 	C:\WINDOWS\SYSTEM32\ntdll.dll
0x00007fffc1890000 - 0x00007fffc1954000 	C:\WINDOWS\System32\KERNEL32.DLL
0x00007fffc0f00000 - 0x00007fffc12a7000 	C:\WINDOWS\System32\KERNELBASE.dll
0x00007fffc0c90000 - 0x00007fffc0da1000 	C:\WINDOWS\System32\ucrtbase.dll
0x00007fffb4840000 - 0x00007fffb4857000 	C:\Program Files\Android\Android Studio2\jbr\bin\jli.dll
0x00007fffa63a0000 - 0x00007fffa63bb000 	C:\Program Files\Android\Android Studio2\jbr\bin\VCRUNTIME140.dll
0x00007fffc1540000 - 0x00007fffc16ee000 	C:\WINDOWS\System32\USER32.dll
0x00007fffc1370000 - 0x00007fffc1396000 	C:\WINDOWS\System32\win32u.dll
0x00007fffb4540000 - 0x00007fffb47d3000 	C:\WINDOWS\WinSxS\amd64_microsoft.windows.common-controls_6595b64144ccf1df_6.0.22621.3235_none_270f74e173860f98\COMCTL32.dll
0x00007fffc3550000 - 0x00007fffc3579000 	C:\WINDOWS\System32\GDI32.dll
0x00007fffc2b70000 - 0x00007fffc2c17000 	C:\WINDOWS\System32\msvcrt.dll
0x00007fffc0b00000 - 0x00007fffc0c19000 	C:\WINDOWS\System32\gdi32full.dll
0x00007fffc0db0000 - 0x00007fffc0e4a000 	C:\WINDOWS\System32\msvcp_win.dll
0x00007fffc17f0000 - 0x00007fffc1821000 	C:\WINDOWS\System32\IMM32.DLL
0x00007fffbab80000 - 0x00007fffbab8c000 	C:\Program Files\Android\Android Studio2\jbr\bin\vcruntime140_1.dll
0x00007fff8c2a0000 - 0x00007fff8c32d000 	C:\Program Files\Android\Android Studio2\jbr\bin\msvcp140.dll
0x00007fff77960000 - 0x00007fff785e3000 	C:\Program Files\Android\Android Studio2\jbr\bin\server\jvm.dll
0x00007fffc13a0000 - 0x00007fffc1452000 	C:\WINDOWS\System32\ADVAPI32.dll
0x00007fffc3580000 - 0x00007fffc3628000 	C:\WINDOWS\System32\sechost.dll
0x00007fffc0ed0000 - 0x00007fffc0ef8000 	C:\WINDOWS\System32\bcrypt.dll
0x00007fffc3430000 - 0x00007fffc3545000 	C:\WINDOWS\System32\RPCRT4.dll
0x00007fffbc0c0000 - 0x00007fffbc0c9000 	C:\WINDOWS\SYSTEM32\WSOCK32.dll
0x00007fffba440000 - 0x00007fffba474000 	C:\WINDOWS\SYSTEM32\WINMM.dll
0x00007fffbf800000 - 0x00007fffbf84d000 	C:\WINDOWS\SYSTEM32\POWRPROF.dll
0x00007fffc32b0000 - 0x00007fffc3321000 	C:\WINDOWS\System32\WS2_32.dll
0x00007fffb9ba0000 - 0x00007fffb9baa000 	C:\WINDOWS\SYSTEM32\VERSION.dll
0x00007fffbf7e0000 - 0x00007fffbf7f3000 	C:\WINDOWS\SYSTEM32\UMPDC.dll
0x00007fffbf9f0000 - 0x00007fffbfa08000 	C:\WINDOWS\SYSTEM32\kernel.appcore.dll
0x00007fffbc090000 - 0x00007fffbc09a000 	C:\Program Files\Android\Android Studio2\jbr\bin\jimage.dll
0x00007fffb48a0000 - 0x00007fffb4ad3000 	C:\WINDOWS\SYSTEM32\DBGHELP.DLL
0x00007fffc27e0000 - 0x00007fffc2b68000 	C:\WINDOWS\System32\combase.dll
0x00007fffc31d0000 - 0x00007fffc32a7000 	C:\WINDOWS\System32\OLEAUT32.dll
0x00007fff9f2f0000 - 0x00007fff9f322000 	C:\WINDOWS\SYSTEM32\dbgcore.DLL
0x00007fffc0e50000 - 0x00007fffc0ec9000 	C:\WINDOWS\System32\bcryptPrimitives.dll
0x00007fffbb270000 - 0x00007fffbb295000 	C:\Program Files\Android\Android Studio2\jbr\bin\java.dll

dbghelp: loaded successfully - version: 4.0.5 - missing functions: none
symbol engine: initialized successfully - sym options: 0x614 - pdb path: .;C:\Program Files\Android\Android Studio2\jbr\bin;C:\WINDOWS\SYSTEM32;C:\WINDOWS\WinSxS\amd64_microsoft.windows.common-controls_6595b64144ccf1df_6.0.22621.3235_none_270f74e173860f98;C:\Program Files\Android\Android Studio2\jbr\bin\server

VM Arguments:
java_command: org.jetbrains.kotlin.cli.jvm.K2JVMCompiler @C:\Users\Kuza\Desktop\AndroidTFG\tfgProject\app\build\20240331_685814619228945846.compiler.options
java_class_path (initial): C:\Users\Kuza\.gradle\caches\modules-2\files-2.1\org.jetbrains.kotlin\kotlin-compiler-embeddable\1.9.0\2c8c3a7402becca891f12739b3e9fd2dc2adbd7a\kotlin-compiler-embeddable-1.9.0.jar;C:\Users\Kuza\.gradle\caches\modules-2\files-2.1\org.jetbrains.kotlin\kotlin-stdlib\1.9.0\8ee15ef0c67dc83d874f412d84378d7f0eb50b63\kotlin-stdlib-1.9.0.jar;C:\Users\Kuza\.gradle\caches\modules-2\files-2.1\org.jetbrains.kotlin\kotlin-script-runtime\1.9.0\4b3102cbbb7e1b58d9d1adf89563f00069ffa7d1\kotlin-script-runtime-1.9.0.jar;C:\Users\Kuza\.gradle\caches\modules-2\files-2.1\org.jetbrains.kotlin\kotlin-reflect\1.6.10\1cbe9c92c12a94eea200d23c2bbaedaf3daf5132\kotlin-reflect-1.6.10.jar;C:\Users\Kuza\.gradle\caches\modules-2\files-2.1\org.jetbrains.kotlin\kotlin-daemon-embeddable\1.9.0\186543f5e28cf8d9a0290fecc2cf34301c40a65c\kotlin-daemon-embeddable-1.9.0.jar;C:\Users\Kuza\.gradle\caches\modules-2\files-2.1\org.jetbrains.intellij.deps\trove4j\1.0.20200330\3afb14d5f9ceb459d724e907a21145e8ff394f02\trove4j-1.0.20200330.jar;C:\Users\Kuza\.gradle\caches\modules-2\files-2.1\org.jetbrains.kotlin\kotlin-stdlib-common\1.9.0\cd65c21cfd1eec4d44ef09f9f52b6d9f8a720636\kotlin-stdlib-common-1.9.0.jar;C:\Users\Kuza\.gradle\caches\modules-2\files-2.1\org.jetbrains\annotations\13.0\919f0dfe192fb4e063e7dacadee7f8bb9a2672a9\annotations-13.0.jar
Launcher Type: SUN_STANDARD

[Global flags]
     intx CICompilerCount                          = 4                                         {product} {ergonomic}
     uint ConcGCThreads                            = 3                                         {product} {ergonomic}
     uint G1ConcRefinementThreads                  = 10                                        {product} {ergonomic}
   size_t G1HeapRegionSize                         = 2097152                                   {product} {ergonomic}
    uintx GCDrainStackTargetSize                   = 64                                        {product} {ergonomic}
   size_t InitialHeapSize                          = 266338304                                 {product} {ergonomic}
   size_t MarkStackSize                            = 4194304                                   {product} {ergonomic}
   size_t MaxHeapSize                              = 4238344192                                {product} {ergonomic}
   size_t MinHeapDeltaBytes                        = 2097152                                   {product} {ergonomic}
   size_t MinHeapSize                              = 8388608                                   {product} {ergonomic}
    uintx NonNMethodCodeHeapSize                   = 5839372                                {pd product} {ergonomic}
    uintx NonProfiledCodeHeapSize                  = 122909434                              {pd product} {ergonomic}
    uintx ProfiledCodeHeapSize                     = 122909434                              {pd product} {ergonomic}
    uintx ReservedCodeCacheSize                    = 251658240                              {pd product} {ergonomic}
     bool SegmentedCodeCache                       = true                                      {product} {ergonomic}
   size_t SoftMaxHeapSize                          = 4238344192                             {manageable} {ergonomic}
     bool UseCompressedClassPointers               = true                           {product lp64_product} {ergonomic}
     bool UseCompressedOops                        = true                           {product lp64_product} {ergonomic}
     bool UseG1GC                                  = true                                      {product} {ergonomic}
     bool UseLargePagesIndividualAllocation        = false                                  {pd product} {ergonomic}

Logging:
Log output configuration:
 #0: stdout all=warning uptime,level,tags
 #1: stderr all=off uptime,level,tags

Environment Variables:
JAVA_HOME=C:\Java\jdk-19\
PATH=C:\Windows\system32;C:\Windows;C:\Windows\System32\Wbem;C:\Windows\System32\WindowsPowerShell\v1.0\;C:\Windows\System32\OpenSSH\;C:\Program Files (x86)\NVIDIA Corporation\PhysX\Common;C:\WINDOWS\system32;C:\WINDOWS;C:\WINDOWS\System32\Wbem;C:\WINDOWS\System32\WindowsPowerShell\v1.0\;C:\WINDOWS\System32\OpenSSH\;C:\Program Files\Microsoft VS Code\bin;C:\Program Files\Azure Data Studio\bin;C:\Program Files (x86)\Git\cmd;C:\Program Files (x86)\Microsoft SQL Server\160\Tools\Binn\;C:\Program Files\Microsoft SQL Server\160\Tools\Binn\;C:\Program Files\Microsoft SQL Server\Client SDK\ODBC\170\Tools\Binn\;C:\Program Files\Microsoft SQL Server\160\DTS\Binn\;C:\Program Files (x86)\AutoFirmaJA\AutoFirmaJA;C:\Maven\apache-maven-3.9.0\bin;C:\Program Files\dotnet\;C:\Program Files\NVIDIA Corporation\NVIDIA NvDLISR;C:\Program Files\nodejs\;C:\Program Files (x86)\AutoFirma\AutoFirma;C;C:\Program Files\Docker\Docker\resources\bin;C:\Users\Kuza\AppData\Local\Programs\Python\Launcher\;C:\Users\Kuza\AppData\Local\Microsoft\WindowsApps;C:\Program Files\Azure Data Studio\bin;C:\Java\jdk-19\bin;C:\Program Files\nodejs\node_modules\npm\bin;C:\Program Files\JetBrains\IntelliJ IDEA Community Edition 2022.3.2\bin;;C:\Users\Kuza\.dotnet\tools;C:\Program Files\JetBrains\IntelliJ IDEA 2022.3.3\bin;;C:\Users\Kuza\AppData\Local\Microsoft\WindowsApps;C:\Users\Kuza\AppData\Roaming\npm
USERNAME=Kuza
OS=Windows_NT
PROCESSOR_IDENTIFIER=Intel64 Family 6 Model 141 Stepping 1, GenuineIntel
TMP=C:\Users\Kuza\AppData\Local\Temp
TEMP=C:\Users\Kuza\AppData\Local\Temp



Periodic native trim disabled

JNI global refs:
JNI global refs: 0, weak refs: 0

JNI global refs memory usage: 0, weak refs: 0

OOME stack traces (most recent first):
Classloader memory used:


---------------  S Y S T E M  ---------------

OS:
 Windows 11 , 64 bit Build 22621 (10.0.22621.3374)
OS uptime: 0 days 1:22 hours
Hyper-V role detected

CPU: total 12 (initial active 12) (6 cores per cpu, 2 threads per core) family 6 model 141 stepping 1 microcode 0x34, cx8, cmov, fxsr, ht, mmx, 3dnowpref, sse, sse2, sse3, ssse3, sse4.1, sse4.2, popcnt, lzcnt, tsc, tscinvbit, avx, avx2, aes, erms, clmul, bmi1, bmi2, adx, avx512f, avx512dq, avx512cd, avx512bw, avx512vl, sha, fma, vzeroupper, avx512_vpopcntdq, avx512_vpclmulqdq, avx512_vaes, avx512_vnni, clflush, clflushopt, clwb, avx512_vbmi2, avx512_vbmi, hv
Processor Information for all 12 processors :
  Max Mhz: 2688, Current Mhz: 2688, Mhz Limit: 2688

Memory: 4k page, system-wide physical 16163M (4057M free)
TotalPageFile size 16163M (AvailPageFile size 166M)
current process WorkingSet (physical memory assigned to process): 11M, peak: 11M
current process commit charge ("private bytes"): 64M, peak: 318M

vm_info: OpenJDK 64-Bit Server VM (17.0.9+0--11185874) for windows-amd64 JRE (17.0.9+0--11185874), built on Dec  6 2023 18:57:44 by "androidbuild" with MS VC++ 16.10 / 16.11 (VS2019)

END.
